03-Apr-2023 10:45:01.389 信息 [main] org.apache.catalina.startup.VersionLoggerListener.log Server.服务器版本: Apache Tomcat/8.5.81
03-Apr-2023 10:45:01.399 信息 [main] org.apache.catalina.startup.VersionLoggerListener.log 服务器构建:        Jun 8 2022 21:30:15 UTC
03-Apr-2023 10:45:01.399 信息 [main] org.apache.catalina.startup.VersionLoggerListener.log 服务器版本号:      8.5.81.0
03-Apr-2023 10:45:01.399 信息 [main] org.apache.catalina.startup.VersionLoggerListener.log 操作系统名称:      Windows 10
03-Apr-2023 10:45:01.399 信息 [main] org.apache.catalina.startup.VersionLoggerListener.log OS.版本:           10.0
03-Apr-2023 10:45:01.399 信息 [main] org.apache.catalina.startup.VersionLoggerListener.log 架构:              amd64
03-Apr-2023 10:45:01.399 信息 [main] org.apache.catalina.startup.VersionLoggerListener.log Java 环境变量:     C:\Program Files\Java\jdk1.8.0_281\jre
03-Apr-2023 10:45:01.399 信息 [main] org.apache.catalina.startup.VersionLoggerListener.log Java虚拟机版本:    1.8.0_281-b09
03-Apr-2023 10:45:01.399 信息 [main] org.apache.catalina.startup.VersionLoggerListener.log JVM.供应商:        Oracle Corporation
03-Apr-2023 10:45:01.399 信息 [main] org.apache.catalina.startup.VersionLoggerListener.log CATALINA_BASE:     F:\soft\apache-tomcat-8.5.81
03-Apr-2023 10:45:01.399 信息 [main] org.apache.catalina.startup.VersionLoggerListener.log CATALINA_HOME:     F:\soft\apache-tomcat-8.5.81
03-Apr-2023 10:45:01.399 信息 [main] org.apache.catalina.startup.VersionLoggerListener.log 命令行参数：       -Djava.util.logging.config.file=F:/soft/apache-tomcat-8.5.81/conf/logging.properties
03-Apr-2023 10:45:01.399 信息 [main] org.apache.catalina.startup.VersionLoggerListener.log 命令行参数：       -Djava.util.logging.manager=org.apache.juli.ClassLoaderLogManager
03-Apr-2023 10:45:01.399 信息 [main] org.apache.catalina.startup.VersionLoggerListener.log 命令行参数：       -Djdk.tls.ephemeralDHKeySize=2048
03-Apr-2023 10:45:01.399 信息 [main] org.apache.catalina.startup.VersionLoggerListener.log 命令行参数：       -Djava.protocol.handler.pkgs=org.apache.catalina.webresources
03-Apr-2023 10:45:01.399 信息 [main] org.apache.catalina.startup.VersionLoggerListener.log 命令行参数：       -Dorg.apache.catalina.security.SecurityListener.UMASK=0027
03-Apr-2023 10:45:01.399 信息 [main] org.apache.catalina.startup.VersionLoggerListener.log 命令行参数：       -Dignore.endorsed.dirs=
03-Apr-2023 10:45:01.399 信息 [main] org.apache.catalina.startup.VersionLoggerListener.log 命令行参数：       -Dcatalina.base=F:/soft/apache-tomcat-8.5.81
03-Apr-2023 10:45:01.399 信息 [main] org.apache.catalina.startup.VersionLoggerListener.log 命令行参数：       -Dcatalina.home=F:/soft/apache-tomcat-8.5.81
03-Apr-2023 10:45:01.399 信息 [main] org.apache.catalina.startup.VersionLoggerListener.log 命令行参数：       -Djava.io.tmpdir=F:/soft/apache-tomcat-8.5.81/temp
03-Apr-2023 10:45:01.399 信息 [main] org.apache.catalina.core.AprLifecycleListener.lifecycleEvent 使用APR版本[1.7.0]加载了基于APR的Apache Tomcat本机库[1.2.33]。
03-Apr-2023 10:45:01.399 信息 [main] org.apache.catalina.core.AprLifecycleListener.lifecycleEvent APR功能：IPv6[true]、sendfile[true]、accept filters[false]、random[true]、UDS [{4}]。
03-Apr-2023 10:45:01.399 信息 [main] org.apache.catalina.core.AprLifecycleListener.lifecycleEvent APR/OpenSSL配置：useAprConnector[false]，useOpenSSL[true]
03-Apr-2023 10:45:01.409 信息 [main] org.apache.catalina.core.AprLifecycleListener.initializeSSL OpenSSL成功初始化 [OpenSSL 1.1.1o  3 May 2022]
03-Apr-2023 10:45:01.534 信息 [main] org.apache.coyote.AbstractProtocol.init 初始化协议处理器 ["http-nio-80"]
03-Apr-2023 10:45:01.550 信息 [main] org.apache.catalina.startup.Catalina.load Initialization processed in 540 ms
03-Apr-2023 10:45:01.579 信息 [main] org.apache.catalina.core.StandardService.startInternal 正在启动服务[Catalina]
03-Apr-2023 10:45:01.579 信息 [main] org.apache.catalina.core.StandardEngine.startInternal 正在启动 Servlet 引擎：[Apache Tomcat/8.5.81]
03-Apr-2023 10:45:01.599 信息 [main] org.apache.coyote.AbstractProtocol.start 开始协议处理句柄["http-nio-80"]
03-Apr-2023 10:45:02.494 信息 [main] org.apache.catalina.startup.Catalina.start Server startup in 940 ms
